{"contracts/Dummy.sol":{"l":{"8":2,"12":1},"path":"/mnt/d/Datos/proyectos/Ballena.io/dev/ballena-protocol/contracts/Dummy.sol","s":{"1":2,"2":1},"b":{},"f":{"1":2,"2":1},"fnMap":{"1":{"name":"getDummyData","line":7,"loc":{"start":{"line":7,"column":4},"end":{"line":9,"column":4}}},"2":{"name":"setDummyData","line":11,"loc":{"start":{"line":11,"column":4},"end":{"line":13,"column":4}}}},"statementMap":{"1":{"start":{"line":8,"column":8},"end":{"line":8,"column":24}},"2":{"start":{"line":12,"column":8},"end":{"line":12,"column":24}}},"branchMap":{}}}